<?xml version="1.0" encoding="UTF-8"?>
<!-- Generated by org.testng.reporters.JUnitReportReporter -->
<testsuite hostname="ojt21-PC" name="DriverFactory.DataDriven" tests="1" failures="0" timestamp="31 Dec 2019 10:27:44 GMT" time="129.139" errors="0">
  <testcase name="supplierCreation" time="129.139" classname="DriverFactory.DataDriven"/>
</testsuite> <!-- DriverFactory.DataDriven -->
