<?xml version="1.0" encoding="UTF-8"?>
<!-- Generated by org.testng.reporters.JUnitReportReporter -->
<testsuite hostname="ojt21-PC" name="DriverFactory.AppTest" tests="1" failures="0" timestamp="3 Jan 2020 13:36:03 GMT" time="35.852" errors="0">
  <testcase name="startTest" time="35.852" classname="DriverFactory.AppTest"/>
</testsuite> <!-- DriverFactory.AppTest -->
