<?xml version="1.0" encoding="UTF-8"?>
<!-- Generated by org.testng.reporters.JUnitReportReporter -->
<testsuite hostname="ojt21-PC" name="DriverFactory.AppTes" tests="1" failures="0" timestamp="7 Jan 2020 12:48:42 GMT" time="51.510" errors="0">
  <testcase name="startTest" time="51.510" classname="DriverFactory.AppTes"/>
</testsuite> <!-- DriverFactory.AppTes -->
